<?xml version="1.0" encoding="UTF-8"?>
<!-- Generated by org.testng.reporters.JUnitReportReporter -->
<testsuite skipped="0" hostname="DESKTOP-R419J0U" name="TESTclass.TESTFacebookNewAccount" tests="1" failures="0" timestamp="2020-07-11T11:57:09 IST" time="47.962" errors="0">
  <testcase name="submit" time="47.962" classname="TESTclass.TESTFacebookNewAccount"/>
  <system-out/>
</testsuite> <!-- TESTclass.TESTFacebookNewAccount -->
