<?xml version="1.0" encoding="UTF-8"?>
<!-- Generated by org.testng.reporters.JUnitReportReporter -->
<testsuite skipped="0" hostname="DESKTOP-R419J0U" name="Generics.BaseTest" tests="1" failures="0" timestamp="2020-07-08T14:54:29 IST" time="2.334" errors="0">
  <testcase name="m" time="2.334" classname="Generics.BaseTest"/>
  <system-out/>
</testsuite> <!-- Generics.BaseTest -->
