<?xml version="1.0" encoding="UTF-8"?>
<!-- Generated by org.testng.reporters.JUnitReportReporter -->
<testsuite skipped="0" hostname="DESKTOP-R419J0U" name="sample.ExcelFileHandling" tests="1" failures="0" timestamp="2020-07-08T14:07:19 IST" time="2.407" errors="0">
  <testcase name="fetchData" time="2.407" classname="sample.ExcelFileHandling"/>
  <system-out/>
</testsuite> <!-- sample.ExcelFileHandling -->
