<?xml version="1.0" encoding="UTF-8"?>
<!-- Generated by org.testng.reporters.JUnitReportReporter -->
<testsuite skipped="0" hostname="DESKTOP-R419J0U" name="Generics.sam" tests="1" failures="0" timestamp="2020-07-08T14:25:52 IST" time="21.551" errors="0">
  <testcase name="samp" time="21.551" classname="Generics.sam"/>
  <system-out/>
</testsuite> <!-- Generics.sam -->
