<?xml version="1.0" encoding="UTF-8"?>
<!-- Generated by org.testng.reporters.JUnitReportReporter -->
<testsuite skipped="0" hostname="DESKTOP-R419J0U" name="TESTclass.sam" tests="1" failures="0" timestamp="2020-07-10T12:33:10 IST" time="16.794" errors="0">
  <testcase name="url" time="16.794" classname="TESTclass.sam"/>
  <system-out/>
</testsuite> <!-- TESTclass.sam -->
